# JRE version: Java(TM) SE Runtime Environment (17.0.17+8) (build 17.0.17+8-LTS-360)
# Java VM: Java HotSpot(TM) 64-Bit Server VM (17.0.17+8-LTS-360, mixed mode, emulated-client, sharing, tiered, compressed oops, compressed class ptrs, g1 gc, windows-amd64)
GC Precious Log:
 CPUs: 8 total, 8 available
 Memory: 7975M
 Large Page Support: Disabled
 NUMA Support: Disabled
 Compressed Oops: Enabled (32-bit)
 Heap Region Size: 1M
 Heap Min Capacity: 8M
 Heap Initial Capacity: 126M
 Heap Max Capacity: 1994M
 Pre-touch: Disabled
 Parallel Workers: 8
 Concurrent Workers: 2
 Concurrent Refinement Workers: 8
 Periodic GC: Disabled
Heap:
 garbage-first heap   total 129024K, used 61090K [0x0000000083600000, 0x0000000100000000)
  region size 1024K, 2 young (2048K), 2 survivors (2048K)
 Metaspace       used 95038K, committed 95872K, reserved 1179648K
  class space    used 14085K, committed 14464K, reserved 1048576K
GC Heap History (20 events):
Event: 16.812 GC heap after
{Heap after GC invocations=19 (full 0):
 garbage-first heap   total 95232K, used 50595K [0x0000000083600000, 0x0000000100000000)
  region size 1024K, 4 young (4096K), 4 survivors (4096K)
 Metaspace       used 72155K, committed 72704K, reserved 1114112K
  class space    used 10684K, committed 10944K, reserved 1048576K
}
Event: 17.009 GC heap before
{Heap before GC invocations=20 (full 0):
 garbage-first heap   total 101376K, used 73123K [0x0000000083600000, 0x0000000100000000)
  region size 1024K, 28 young (28672K), 4 survivors (4096K)
 Metaspace       used 73767K, committed 74304K, reserved 1114112K
  class space    used 10916K, committed 11136K, reserved 1048576K
}
Event: 17.013 GC heap after
{Heap after GC invocations=21 (full 0):
 garbage-first heap   total 101376K, used 51441K [0x0000000083600000, 0x0000000100000000)
  region size 1024K, 2 young (2048K), 2 survivors (2048K)
 Metaspace       used 73767K, committed 74304K, reserved 1114112K
  class space    used 10916K, committed 11136K, reserved 1048576K
}
Event: 17.026 GC heap before
{Heap before GC invocations=21 (full 0):
 garbage-first heap   total 101376K, used 53489K [0x0000000083600000, 0x0000000100000000)
  region size 1024K, 4 young (4096K), 2 survivors (2048K)
 Metaspace       used 73820K, committed 74432K, reserved 1114112K
  class space    used 10930K, committed 11200K, reserved 1048576K
}
Event: 17.028 GC heap after
{Heap after GC invocations=22 (full 0):
 garbage-first heap   total 121856K, used 50406K [0x0000000083600000, 0x0000000100000000)
  region size 1024K, 1 young (1024K), 1 survivors (1024K)
 Metaspace       used 73820K, committed 74432K, reserved 1114112K
  class space    used 10930K, committed 11200K, reserved 1048576K
}
Event: 17.548 GC heap before
{Heap before GC invocations=22 (full 0):
 garbage-first heap   total 121856K, used 90342K [0x0000000083600000, 0x0000000100000000)
  region size 1024K, 40 young (40960K), 1 survivors (1024K)
 Metaspace       used 76330K, committed 76992K, reserved 1179648K
  class space    used 11266K, committed 11584K, reserved 1048576K
}
Event: 17.552 GC heap after
{Heap after GC invocations=23 (full 0):
 garbage-first heap   total 121856K, used 52959K [0x0000000083600000, 0x0000000100000000)
  region size 1024K, 3 young (3072K), 3 survivors (3072K)
 Metaspace       used 76330K, committed 76992K, reserved 1179648K
  class space    used 11266K, committed 11584K, reserved 1048576K
}
Event: 18.046 GC heap before
{Heap before GC invocations=23 (full 0):
 garbage-first heap   total 121856K, used 92895K [0x0000000083600000, 0x0000000100000000)
  region size 1024K, 42 young (43008K), 3 survivors (3072K)
 Metaspace       used 78988K, committed 79552K, reserved 1179648K
  class space    used 11614K, committed 11904K, reserved 1048576K
}
Event: 18.050 GC heap after
{Heap after GC invocations=24 (full 0):
 garbage-first heap   total 121856K, used 56003K [0x0000000083600000, 0x0000000100000000)
  region size 1024K, 6 young (6144K), 6 survivors (6144K)
 Metaspace       used 78988K, committed 79552K, reserved 1179648K
  class space    used 11614K, committed 11904K, reserved 1048576K
}
Event: 18.641 GC heap before
{Heap before GC invocations=24 (full 0):
 garbage-first heap   total 121856K, used 94915K [0x0000000083600000, 0x0000000100000000)
  region size 1024K, 44 young (45056K), 6 survivors (6144K)
 Metaspace       used 81677K, committed 82368K, reserved 1179648K
  class space    used 12026K, committed 12352K, reserved 1048576K
}
Event: 18.648 GC heap after
{Heap after GC invocations=25 (full 0):
 garbage-first heap   total 121856K, used 58812K [0x0000000083600000, 0x0000000100000000)
  region size 1024K, 6 young (6144K), 6 survivors (6144K)
 Metaspace       used 81677K, committed 82368K, reserved 1179648K
  class space    used 12026K, committed 12352K, reserved 1048576K
}
Event: 19.049 GC heap before
{Heap before GC invocations=25 (full 0):
 garbage-first heap   total 121856K, used 96700K [0x0000000083600000, 0x0000000100000000)
  region size 1024K, 43 young (44032K), 6 survivors (6144K)
 Metaspace       used 83276K, committed 83968K, reserved 1179648K
  class space    used 12293K, committed 12608K, reserved 1048576K
}
Event: 19.055 GC heap after
{Heap after GC invocations=26 (full 0):
 garbage-first heap   total 121856K, used 61339K [0x0000000083600000, 0x0000000100000000)
  region size 1024K, 3 young (3072K), 3 survivors (3072K)
 Metaspace       used 83276K, committed 83968K, reserved 1179648K
  class space    used 12293K, committed 12608K, reserved 1048576K
}
Event: 19.713 GC heap before
{Heap before GC invocations=26 (full 0):
 garbage-first heap   total 121856K, used 98203K [0x0000000083600000, 0x0000000100000000)
  region size 1024K, 39 young (39936K), 3 survivors (3072K)
 Metaspace       used 86875K, committed 87552K, reserved 1179648K
  class space    used 12889K, committed 13184K, reserved 1048576K
}
Event: 19.719 GC heap after
{Heap after GC invocations=27 (full 0):
 garbage-first heap   total 121856K, used 63325K [0x0000000083600000, 0x0000000100000000)
  region size 1024K, 5 young (5120K), 5 survivors (5120K)
 Metaspace       used 86875K, committed 87552K, reserved 1179648K
  class space    used 12889K, committed 13184K, reserved 1048576K
}
Event: 234.923 GC heap before
{Heap before GC invocations=28 (full 0):
 garbage-first heap   total 121856K, used 98141K [0x0000000083600000, 0x0000000100000000)
  region size 1024K, 40 young (40960K), 5 survivors (5120K)
 Metaspace       used 91695K, committed 92416K, reserved 1179648K
  class space    used 13589K, committed 13952K, reserved 1048576K
}
Event: 235.095 GC heap after
{Heap after GC invocations=29 (full 0):
 garbage-first heap   total 121856K, used 65351K [0x0000000083600000, 0x0000000100000000)
  region size 1024K, 3 young (3072K), 3 survivors (3072K)
 Metaspace       used 91695K, committed 92416K, reserved 1179648K
  class space    used 13589K, committed 13952K, reserved 1048576K
}
Event: 235.503 GC heap before
{Heap before GC invocations=29 (full 0):
 garbage-first heap   total 121856K, used 66375K [0x0000000083600000, 0x0000000100000000)
  region size 1024K, 5 young (5120K), 3 survivors (3072K)
 Metaspace       used 92205K, committed 92928K, reserved 1179648K
  class space    used 13652K, committed 14016K, reserved 1048576K
}
Event: 235.535 GC heap after
{Heap after GC invocations=30 (full 0):
 garbage-first heap   total 121856K, used 59773K [0x0000000083600000, 0x0000000100000000)
  region size 1024K, 1 young (1024K), 1 survivors (1024K)
 Metaspace       used 92205K, committed 92928K, reserved 1179648K
  class space    used 13652K, committed 14016K, reserved 1048576K
}
Event: 2442.912 GC heap before
{Heap before GC invocations=30 (full 0):
 garbage-first heap   total 121856K, used 98685K [0x0000000083600000, 0x0000000100000000)
  region size 1024K, 39 young (39936K), 1 survivors (1024K)
 Metaspace       used 95038K, committed 95872K, reserved 1179648K
  class space    used 14085K, committed 14464K, reserved 1048576K
}

